#
# A fatal error has been detected by the Java Runtime Environment:
#
#  EXCEPTION_ACCESS_VIOLATION (0xc0000005) at pc=0x00000000698ffc26, pid=8284, tid=10028
#
# JRE version: Java(TM) SE Runtime Environment (9.0+11) (build 9.0.4+11)
# Java VM: Java HotSpot(TM) 64-Bit Server VM (9.0.4+11, mixed mode, tiered, compressed oops, g1 gc, windows-amd64)
# Problematic frame:
# V  [jvm.dll+0x5ffc26]
#
# No core dump will be written. Minidumps are not enabled by default on client versions of Windows
#
# If you would like to submit a bug report, please visit:
#   http://bugreport.java.com/bugreport/crash.jsp
#

---------------  S U M M A R Y ------------

Command Line: -agentlib:jdwp=transport=dt_socket,address=127.0.0.1:60473,suspend=y,server=n -javaagent:C:\Users\Liudas\.IdeaIC2017.3\system\captureAgent\debugger-agent.jar=C:\Users\Liudas\AppData\Local\Temp\capture1734.props -Dfile.encoding=UTF-8 lt.liudas_stonys.laivu_musis.App

Host: Intel(R) Core(TM) i7-3630QM CPU @ 2.40GHz, 8 cores, 7G,  Windows 8.1 , 64 bit Build 9600 (6.3.9600.17415)
Time: Thu Mar 15 19:34:24 2018 FLE Standard Time elapsed time: 65 seconds (0d 0h 1m 5s)

---------------  T H R E A D  ---------------

Current thread (0x000000e968126000):  VMThread "VM Thread" [stack: 0x000000e968210000,0x000000e968310000] [id=10028]

Stack: [0x000000e968210000,0x000000e968310000],  sp=0x000000e96830ec70,  free space=1019k
Native frames: (J=compiled Java code, j=interpreted, Vv=VM code, C=native code)
V  [jvm.dll+0x5ffc26]
V  [jvm.dll+0x2f40d3]
V  [jvm.dll+0x2f6073]
V  [jvm.dll+0x2f666e]
V  [jvm.dll+0x2f3e55]
V  [jvm.dll+0x2f3293]
V  [jvm.dll+0x5784ff]
V  [jvm.dll+0x57880c]
V  [jvm.dll+0x5786b3]
V  [jvm.dll+0x578eac]
V  [jvm.dll+0x5470aa]
V  [jvm.dll+0x465311]
V  [jvm.dll+0x6a366b]
V  [jvm.dll+0x6a1e05]
V  [jvm.dll+0x6a25e1]
V  [jvm.dll+0x6a28cc]
V  [jvm.dll+0x586490]
C  [msvcr120.dll+0x24f7f]
C  [msvcr120.dll+0x25126]
C  [KERNEL32.DLL+0x13d2]
C  [ntdll.dll+0x154f4]


siginfo: EXCEPTION_ACCESS_VIOLATION (0xc0000005), reading address 0x0000000000000006


Register to memory mapping:

RIP=0x00000000698ffc26 jvm.dll
RAX=0x0000000000000000 is an unknown value
RBX=0x0000000000000000 is an unknown value
RCX=0x000000e96830ecd0 is an unknown value
RDX=0x0000000000000000 is an unknown value
RSP=0x000000e96830ec70 is an unknown value
RBP=0x000000e96830f1f0 is an unknown value
RSI=0x0000000000000000 is an unknown value
RDI=0x000000e96830f380 is an unknown value
R8 =0x0000000000000000 is an unknown value
R9 =0x000000e967c622d8 is pointing into metadata
R10=0x000000e942d9ebe0 is an unknown value
R11=0x000000e942d9eb20 is an unknown value
R12=0x000000e96830f501 is an unknown value
R13=0x0000000000000000 is an unknown value
R14=0x0000000000000002 is an unknown value
R15=0x0000000000000050 is an unknown value


Registers:
RAX=0x0000000000000000, RBX=0x0000000000000000, RCX=0x000000e96830ecd0, RDX=0x0000000000000000
RSP=0x000000e96830ec70, RBP=0x000000e96830f1f0, RSI=0x0000000000000000, RDI=0x000000e96830f380
R8 =0x0000000000000000, R9 =0x000000e967c622d8, R10=0x000000e942d9ebe0, R11=0x000000e942d9eb20
R12=0x000000e96830f501, R13=0x0000000000000000, R14=0x0000000000000002, R15=0x0000000000000050
RIP=0x00000000698ffc26, EFLAGS=0x0000000000010202

Top of Stack: (sp=0x000000e96830ec70)
0x000000e96830ec70:   000000e96830ecd0 00000000699001dc
0x000000e96830ec80:   0000000000000000 0000000000000000
0x000000e96830ec90:   0000000000000000 00000000695f40d3
0x000000e96830eca0:   0000000000000000 000000e96830f380
0x000000e96830ecb0:   000000e96830ed10 00007ffec11e8eb0
0x000000e96830ecc0:   00007ffec12001d0 000000e96830ed90
0x000000e96830ecd0:   0000000069a9ca20 0000000000000000
0x000000e96830ece0:   0000000000000000 000000e900000004
0x000000e96830ecf0:   000000e96830ed00 000000d200000000
0x000000e96830ed00:   000000002fffffff 00000000698ffdec
0x000000e96830ed10:   4fffffff4fffffff 4fffffff4fffffff
0x000000e96830ed20:   000000004fffffff 000000000000000e
0x000000e96830ed30:   000000e96830ed50 0000000000000002
0x000000e96830ed40:   0000000000000000 000000e96830f420
0x000000e96830ed50:   4fffffff4fffffff 0000000000000000
0x000000e96830ed60:   0000000000000000 00000000698ffa08 

Instructions: (pc=0x00000000698ffc26)
0x00000000698ffc06:   5f 00 cd fb 5f 00 cc cc cc cc 40 53 48 83 ec 20
0x00000000698ffc16:   48 8b 41 08 c7 41 10 00 00 00 00 48 89 7c 24 38
0x00000000698ffc26:   80 78 06 28 48 8b d9 74 22 41 b9 28 00 00 00 4c
0x00000000698ffc36:   8d 05 64 1d 1e 00 48 8d 0d 6d 1d 1e 00 41 8d 51 


VM_Operation (0x000000e9693ef7f0): GetOrSetLocal, mode: safepoint, requested by thread 0x000000e968f68800


---------------  P R O C E S S  ---------------

Java Threads: ( => current thread )
  0x000000e969029800 JavaThread "Service Thread" daemon [_thread_blocked, id=7624, stack(0x000000e9695f0000,0x000000e9696f0000)]
  0x000000e968f79000 JavaThread "JDWP Command Reader" daemon [_thread_in_native, id=10104, stack(0x000000e9694f0000,0x000000e9695f0000)]
  0x000000e968f69800 JavaThread "JDWP Event Helper Thread" daemon [_thread_blocked, id=1676, stack(0x000000e9693f0000,0x000000e9694f0000)]
  0x000000e968f68800 JavaThread "JDWP Transport Listener: dt_socket" daemon [_thread_blocked, id=2968, stack(0x000000e9692f0000,0x000000e9693f0000)]
  0x000000e96820b800 JavaThread "Common-Cleaner" daemon [_thread_blocked, id=4076, stack(0x000000e9691f0000,0x000000e9692f0000)]
  0x000000e9681b9800 JavaThread "Sweeper thread" daemon [_thread_blocked, id=8292, stack(0x000000e968cf0000,0x000000e968df0000)]
  0x000000e96819f800 JavaThread "C1 CompilerThread3" daemon [_thread_blocked, id=2860, stack(0x000000e968bf0000,0x000000e968cf0000)]
  0x000000e96819a000 JavaThread "C2 CompilerThread2" daemon [_thread_blocked, id=8640, stack(0x000000e968af0000,0x000000e968bf0000)]
  0x000000e96818c000 JavaThread "C2 CompilerThread1" daemon [_thread_blocked, id=9392, stack(0x000000e9688f0000,0x000000e9689f0000)]
  0x000000e96818b000 JavaThread "C2 CompilerThread0" daemon [_thread_blocked, id=5636, stack(0x000000e9687f0000,0x000000e9688f0000)]
  0x000000e968182800 JavaThread "Attach Listener" daemon [_thread_blocked, id=7764, stack(0x000000e9686f0000,0x000000e9687f0000)]
  0x000000e968181800 JavaThread "Signal Dispatcher" daemon [_thread_blocked, id=8408, stack(0x000000e9685f0000,0x000000e9686f0000)]
  0x000000e968136000 JavaThread "Finalizer" daemon [_thread_blocked, id=8628, stack(0x000000e968410000,0x000000e968510000)]
  0x000000e96812a000 JavaThread "Reference Handler" daemon [_thread_blocked, id=8860, stack(0x000000e968310000,0x000000e968410000)]
  0x000000e942d4f800 JavaThread "main" [_thread_blocked, id=4816, stack(0x000000e944910000,0x000000e944a10000)]

Other Threads:
=>0x000000e968126000 VMThread "VM Thread" [stack: 0x000000e968210000,0x000000e968310000] [id=10028]
  0x000000e96902b800 WatcherThread [stack: 0x000000e9696f0000,0x000000e9697f0000] [id=5812]
  0x000000e942d66800 GCTaskThread "GC Thread#0" [stack: 0x000000e95e240000,0x000000e95e340000] [id=4080]
  0x000000e942d68000 GCTaskThread "GC Thread#1" [stack: 0x000000e95e340000,0x000000e95e440000] [id=5884]
  0x000000e942d69800 GCTaskThread "GC Thread#2" [stack: 0x000000e95e440000,0x000000e95e540000] [id=7056]
  0x000000e942d6d000 GCTaskThread "GC Thread#3" [stack: 0x000000e95e540000,0x000000e95e640000] [id=1620]
  0x000000e942d72000 GCTaskThread "GC Thread#4" [stack: 0x000000e95e640000,0x000000e95e740000] [id=4148]
  0x000000e942d75000 GCTaskThread "GC Thread#5" [stack: 0x000000e95e740000,0x000000e95e840000] [id=1588]
  0x000000e942d84000 GCTaskThread "GC Thread#6" [stack: 0x000000e95e840000,0x000000e95e940000] [id=7660]
  0x000000e942d87800 GCTaskThread "GC Thread#7" [stack: 0x000000e95e940000,0x000000e95ea40000] [id=7440]
  0x000000e964b54800 ConcurrentGCThread "G1 Main Marker" [stack: 0x000000e964c90000,0x000000e964d90000] [id=5168]
  0x000000e942dce000 ConcurrentGCThread "G1 Marker#0" [stack: 0x000000e964d90000,0x000000e964e90000] [id=8568]
  0x000000e942dd6800 ConcurrentGCThread "G1 Marker#1" [stack: 0x000000e964e90000,0x000000e964f90000] [id=3948]
  0x000000e942da3800 ConcurrentGCThread "G1 Refine#0" [stack: 0x000000e95f9d0000,0x000000e95fad0000] [id=4060]
  0x000000e942da2800 ConcurrentGCThread "G1 Refine#1" [stack: 0x000000e95f8d0000,0x000000e95f9d0000] [id=9712]
  0x000000e942da3000 ConcurrentGCThread "G1 Refine#2" [stack: 0x000000e95f7d0000,0x000000e95f8d0000] [id=4712]
  0x000000e942d99000 ConcurrentGCThread "G1 Refine#3" [stack: 0x000000e95f6d0000,0x000000e95f7d0000] [id=10212]
  0x000000e942d8e000 ConcurrentGCThread "G1 Refine#4" [stack: 0x000000e95f5d0000,0x000000e95f6d0000] [id=6292]
  0x000000e942d8b800 ConcurrentGCThread "G1 Refine#5" [stack: 0x000000e95f4d0000,0x000000e95f5d0000] [id=10172]
  0x000000e942d89800 ConcurrentGCThread "G1 Refine#6" [stack: 0x000000e95f3d0000,0x000000e95f4d0000] [id=5140]
  0x000000e942d89000 ConcurrentGCThread "G1 Refine#7" [stack: 0x000000e95f2d0000,0x000000e95f3d0000] [id=9296]
  0x000000e942dab000 ConcurrentGCThread "G1 Young RemSet Sampling" [stack: 0x000000e95fad0000,0x000000e95fbd0000] [id=8584]

Threads with active compile tasks:

VM state:at safepoint (normal execution)

VM Mutex/Monitor currently owned by a thread:  ([mutex/lock_event])
[0x000000e942d4f390] Threads_lock - owner thread: 0x000000e968126000

Heap address: 0x0000000081a00000, size: 2022 MB, Compressed Oops mode: 32-bit
Narrow klass base: 0x0000000000000000, Narrow klass shift: 3
Compressed class space size: 1073741824 Address: 0x0000000100000000

Heap:
 garbage-first heap   total 131072K, used 6144K [0x0000000081a00000, 0x0000000081b00400, 0x0000000100000000)
  region size 1024K, 7 young (7168K), 0 survivors (0K)
 Metaspace       used 7186K, capacity 7392K, committed 7680K, reserved 1056768K
  class space    used 624K, capacity 685K, committed 768K, reserved 1048576K
Heap Regions: E=young(eden), S=young(survivor), O=old, HS=humongous(starts), HC=humongous(continues), CS=collection set, F=free, A=archive, TS=gc time stamp, AC=allocation context, TAMS=top-at-mark-start (previous, next)
|   0|0x0000000081a00000, 0x0000000081a00000, 0x0000000081b00000|  0%| F|  |TS  0|AC  0|TAMS 0x0000000081a00000, 0x0000000081a00000|
|   1|0x0000000081b00000, 0x0000000081b00000, 0x0000000081c00000|  0%| F|  |TS  0|AC  0|TAMS 0x0000000081b00000, 0x0000000081b00000|
|   2|0x0000000081c00000, 0x0000000081c00000, 0x0000000081d00000|  0%| F|  |TS  0|AC  0|TAMS 0x0000000081c00000, 0x0000000081c00000|
|   3|0x0000000081d00000, 0x0000000081d00000, 0x0000000081e00000|  0%| F|  |TS  0|AC  0|TAMS 0x0000000081d00000, 0x0000000081d00000|
|   4|0x0000000081e00000, 0x0000000081e00000, 0x0000000081f00000|  0%| F|  |TS  0|AC  0|TAMS 0x0000000081e00000, 0x0000000081e00000|
|   5|0x0000000081f00000, 0x0000000081f00000, 0x0000000082000000|  0%| F|  |TS  0|AC  0|TAMS 0x0000000081f00000, 0x0000000081f00000|
|   6|0x0000000082000000, 0x0000000082000000, 0x0000000082100000|  0%| F|  |TS  0|AC  0|TAMS 0x0000000082000000, 0x0000000082000000|
|   7|0x0000000082100000, 0x0000000082100000, 0x0000000082200000|  0%| F|  |TS  0|AC  0|TAMS 0x0000000082100000, 0x0000000082100000|
|   8|0x0000000082200000, 0x0000000082200000, 0x0000000082300000|  0%| F|  |TS  0|AC  0|TAMS 0x0000000082200000, 0x0000000082200000|
|   9|0x0000000082300000, 0x0000000082300000, 0x0000000082400000|  0%| F|  |TS  0|AC  0|TAMS 0x0000000082300000, 0x0000000082300000|
|  10|0x0000000082400000, 0x0000000082400000, 0x0000000082500000|  0%| F|  |TS  0|AC  0|TAMS 0x0000000082400000, 0x0000000082400000|
|  11|0x0000000082500000, 0x0000000082500000, 0x0000000082600000|  0%| F|  |TS  0|AC  0|TAMS 0x0000000082500000, 0x0000000082500000|
|  12|0x0000000082600000, 0x0000000082600000, 0x0000000082700000|  0%| F|  |TS  0|AC  0|TAMS 0x0000000082600000, 0x0000000082600000|
|  13|0x0000000082700000, 0x0000000082700000, 0x0000000082800000|  0%| F|  |TS  0|AC  0|TAMS 0x0000000082700000, 0x0000000082700000|
|  14|0x0000000082800000, 0x0000000082800000, 0x0000000082900000|  0%| F|  |TS  0|AC  0|TAMS 0x0000000082800000, 0x0000000082800000|
|  15|0x0000000082900000, 0x0000000082900000, 0x0000000082a00000|  0%| F|  |TS  0|AC  0|TAMS 0x0000000082900000, 0x0000000082900000|
|  16|0x0000000082a00000, 0x0000000082a00000, 0x0000000082b00000|  0%| F|  |TS  0|AC  0|TAMS 0x0000000082a00000, 0x0000000082a00000|
|  17|0x0000000082b00000, 0x0000000082b00000, 0x0000000082c00000|  0%| F|  |TS  0|AC  0|TAMS 0x0000000082b00000, 0x0000000082b00000|
|  18|0x0000000082c00000, 0x0000000082c00000, 0x0000000082d00000|  0%| F|  |TS  0|AC  0|TAMS 0x0000000082c00000, 0x0000000082c00000|
|  19|0x0000000082d00000, 0x0000000082d00000, 0x0000000082e00000|  0%| F|  |TS  0|AC  0|TAMS 0x0000000082d00000, 0x0000000082d00000|
|  20|0x0000000082e00000, 0x0000000082e00000, 0x0000000082f00000|  0%| F|  |TS  0|AC  0|TAMS 0x0000000082e00000, 0x0000000082e00000|
|  21|0x0000000082f00000, 0x0000000082f00000, 0x0000000083000000|  0%| F|  |TS  0|AC  0|TAMS 0x0000000082f00000, 0x0000000082f00000|
|  22|0x0000000083000000, 0x0000000083000000, 0x0000000083100000|  0%| F|  |TS  0|AC  0|TAMS 0x0000000083000000, 0x0000000083000000|
|  23|0x0000000083100000, 0x0000000083100000, 0x0000000083200000|  0%| F|  |TS  0|AC  0|TAMS 0x0000000083100000, 0x0000000083100000|
|  24|0x0000000083200000, 0x0000000083200000, 0x0000000083300000|  0%| F|  |TS  0|AC  0|TAMS 0x0000000083200000, 0x0000000083200000|
|  25|0x0000000083300000, 0x0000000083300000, 0x0000000083400000|  0%| F|  |TS  0|AC  0|TAMS 0x0000000083300000, 0x0000000083300000|
|  26|0x0000000083400000, 0x0000000083400000, 0x0000000083500000|  0%| F|  |TS  0|AC  0|TAMS 0x0000000083400000, 0x0000000083400000|
|  27|0x0000000083500000, 0x0000000083500000, 0x0000000083600000|  0%| F|  |TS  0|AC  0|TAMS 0x0000000083500000, 0x0000000083500000|
|  28|0x0000000083600000, 0x0000000083600000, 0x0000000083700000|  0%| F|  |TS  0|AC  0|TAMS 0x0000000083600000, 0x0000000083600000|
|  29|0x0000000083700000, 0x0000000083700000, 0x0000000083800000|  0%| F|  |TS  0|AC  0|TAMS 0x0000000083700000, 0x0000000083700000|
|  30|0x0000000083800000, 0x0000000083800000, 0x0000000083900000|  0%| F|  |TS  0|AC  0|TAMS 0x0000000083800000, 0x0000000083800000|
|  31|0x0000000083900000, 0x0000000083900000, 0x0000000083a00000|  0%| F|  |TS  0|AC  0|TAMS 0x0000000083900000, 0x0000000083900000|
|  32|0x0000000083a00000, 0x0000000083a00000, 0x0000000083b00000|  0%| F|  |TS  0|AC  0|TAMS 0x0000000083a00000, 0x0000000083a00000|
|  33|0x0000000083b00000, 0x0000000083b00000, 0x0000000083c00000|  0%| F|  |TS  0|AC  0|TAMS 0x0000000083b00000, 0x0000000083b00000|
|  34|0x0000000083c00000, 0x0000000083c00000, 0x0000000083d00000|  0%| F|  |TS  0|AC  0|TAMS 0x0000000083c00000, 0x0000000083c00000|
|  35|0x0000000083d00000, 0x0000000083d00000, 0x0000000083e00000|  0%| F|  |TS  0|AC  0|TAMS 0x0000000083d00000, 0x0000000083d00000|
|  36|0x0000000083e00000, 0x0000000083e00000, 0x0000000083f00000|  0%| F|  |TS  0|AC  0|TAMS 0x0000000083e00000, 0x0000000083e00000|
|  37|0x0000000083f00000, 0x0000000083f00000, 0x0000000084000000|  0%| F|  |TS  0|AC  0|TAMS 0x0000000083f00000, 0x0000000083f00000|
|  38|0x0000000084000000, 0x0000000084000000, 0x0000000084100000|  0%| F|  |TS  0|AC  0|TAMS 0x0000000084000000, 0x0000000084000000|
|  39|0x0000000084100000, 0x0000000084100000, 0x0000000084200000|  0%| F|  |TS  0|AC  0|TAMS 0x0000000084100000, 0x0000000084100000|
|  40|0x0000000084200000, 0x0000000084200000, 0x0000000084300000|  0%| F|  |TS  0|AC  0|TAMS 0x0000000084200000, 0x0000000084200000|
|  41|0x0000000084300000, 0x0000000084300000, 0x0000000084400000|  0%| F|  |TS  0|AC  0|TAMS 0x0000000084300000, 0x0000000084300000|
|  42|0x0000000084400000, 0x0000000084400000, 0x0000000084500000|  0%| F|  |TS  0|AC  0|TAMS 0x0000000084400000, 0x0000000084400000|
|  43|0x0000000084500000, 0x0000000084500000, 0x0000000084600000|  0%| F|  |TS  0|AC  0|TAMS 0x0000000084500000, 0x0000000084500000|
|  44|0x0000000084600000, 0x0000000084600000, 0x0000000084700000|  0%| F|  |TS  0|AC  0|TAMS 0x0000000084600000, 0x0000000084600000|
|  45|0x0000000084700000, 0x0000000084700000, 0x0000000084800000|  0%| F|  |TS  0|AC  0|TAMS 0x0000000084700000, 0x0000000084700000|
|  46|0x0000000084800000, 0x0000000084800000, 0x0000000084900000|  0%| F|  |TS  0|AC  0|TAMS 0x0000000084800000, 0x0000000084800000|
|  47|0x0000000084900000, 0x0000000084900000, 0x0000000084a00000|  0%| F|  |TS  0|AC  0|TAMS 0x0000000084900000, 0x0000000084900000|
|  48|0x0000000084a00000, 0x0000000084a00000, 0x0000000084b00000|  0%| F|  |TS  0|AC  0|TAMS 0x0000000084a00000, 0x0000000084a00000|
|  49|0x0000000084b00000, 0x0000000084b00000, 0x0000000084c00000|  0%| F|  |TS  0|AC  0|TAMS 0x0000000084b00000, 0x0000000084b00000|
|  50|0x0000000084c00000, 0x0000000084c00000, 0x0000000084d00000|  0%| F|  |TS  0|AC  0|TAMS 0x0000000084c00000, 0x0000000084c00000|
|  51|0x0000000084d00000, 0x0000000084d00000, 0x0000000084e00000|  0%| F|  |TS  0|AC  0|TAMS 0x0000000084d00000, 0x0000000084d00000|
|  52|0x0000000084e00000, 0x0000000084e00000, 0x0000000084f00000|  0%| F|  |TS  0|AC  0|TAMS 0x0000000084e00000, 0x0000000084e00000|
|  53|0x0000000084f00000, 0x0000000084f00000, 0x0000000085000000|  0%| F|  |TS  0|AC  0|TAMS 0x0000000084f00000, 0x0000000084f00000|
|  54|0x0000000085000000, 0x0000000085000000, 0x0000000085100000|  0%| F|  |TS  0|AC  0|TAMS 0x0000000085000000, 0x0000000085000000|
|  55|0x0000000085100000, 0x0000000085100000, 0x0000000085200000|  0%| F|  |TS  0|AC  0|TAMS 0x0000000085100000, 0x0000000085100000|
|  56|0x0000000085200000, 0x0000000085200000, 0x0000000085300000|  0%| F|  |TS  0|AC  0|TAMS 0x0000000085200000, 0x0000000085200000|
|  57|0x0000000085300000, 0x0000000085300000, 0x0000000085400000|  0%| F|  |TS  0|AC  0|TAMS 0x0000000085300000, 0x0000000085300000|
|  58|0x0000000085400000, 0x0000000085400000, 0x0000000085500000|  0%| F|  |TS  0|AC  0|TAMS 0x0000000085400000, 0x0000000085400000|
|  59|0x0000000085500000, 0x0000000085500000, 0x0000000085600000|  0%| F|  |TS  0|AC  0|TAMS 0x0000000085500000, 0x0000000085500000|
|  60|0x0000000085600000, 0x0000000085600000, 0x0000000085700000|  0%| F|  |TS  0|AC  0|TAMS 0x0000000085600000, 0x0000000085600000|
|  61|0x0000000085700000, 0x0000000085700000, 0x0000000085800000|  0%| F|  |TS  0|AC  0|TAMS 0x0000000085700000, 0x0000000085700000|
|  62|0x0000000085800000, 0x0000000085800000, 0x0000000085900000|  0%| F|  |TS  0|AC  0|TAMS 0x0000000085800000, 0x0000000085800000|
|  63|0x0000000085900000, 0x0000000085900000, 0x0000000085a00000|  0%| F|  |TS  0|AC  0|TAMS 0x0000000085900000, 0x0000000085900000|
|  64|0x0000000085a00000, 0x0000000085a00000, 0x0000000085b00000|  0%| F|  |TS  0|AC  0|TAMS 0x0000000085a00000, 0x0000000085a00000|
|  65|0x0000000085b00000, 0x0000000085b00000, 0x0000000085c00000|  0%| F|  |TS  0|AC  0|TAMS 0x0000000085b00000, 0x0000000085b00000|
|  66|0x0000000085c00000, 0x0000000085c00000, 0x0000000085d00000|  0%| F|  |TS  0|AC  0|TAMS 0x0000000085c00000, 0x0000000085c00000|
|  67|0x0000000085d00000, 0x0000000085d00000, 0x0000000085e00000|  0%| F|  |TS  0|AC  0|TAMS 0x0000000085d00000, 0x0000000085d00000|
|  68|0x0000000085e00000, 0x0000000085e00000, 0x0000000085f00000|  0%| F|  |TS  0|AC  0|TAMS 0x0000000085e00000, 0x0000000085e00000|
|  69|0x0000000085f00000, 0x0000000085f00000, 0x0000000086000000|  0%| F|  |TS  0|AC  0|TAMS 0x0000000085f00000, 0x0000000085f00000|
|  70|0x0000000086000000, 0x0000000086000000, 0x0000000086100000|  0%| F|  |TS  0|AC  0|TAMS 0x0000000086000000, 0x0000000086000000|
|  71|0x0000000086100000, 0x0000000086100000, 0x0000000086200000|  0%| F|  |TS  0|AC  0|TAMS 0x0000000086100000, 0x0000000086100000|
|  72|0x0000000086200000, 0x0000000086200000, 0x0000000086300000|  0%| F|  |TS  0|AC  0|TAMS 0x0000000086200000, 0x0000000086200000|
|  73|0x0000000086300000, 0x0000000086300000, 0x0000000086400000|  0%| F|  |TS  0|AC  0|TAMS 0x0000000086300000, 0x0000000086300000|
|  74|0x0000000086400000, 0x0000000086400000, 0x0000000086500000|  0%| F|  |TS  0|AC  0|TAMS 0x0000000086400000, 0x0000000086400000|
|  75|0x0000000086500000, 0x0000000086500000, 0x0000000086600000|  0%| F|  |TS  0|AC  0|TAMS 0x0000000086500000, 0x0000000086500000|
|  76|0x0000000086600000, 0x0000000086600000, 0x0000000086700000|  0%| F|  |TS  0|AC  0|TAMS 0x0000000086600000, 0x0000000086600000|
|  77|0x0000000086700000, 0x0000000086700000, 0x0000000086800000|  0%| F|  |TS  0|AC  0|TAMS 0x0000000086700000, 0x0000000086700000|
|  78|0x0000000086800000, 0x0000000086800000, 0x0000000086900000|  0%| F|  |TS  0|AC  0|TAMS 0x0000000086800000, 0x0000000086800000|
|  79|0x0000000086900000, 0x0000000086900000, 0x0000000086a00000|  0%| F|  |TS  0|AC  0|TAMS 0x0000000086900000, 0x0000000086900000|
|  80|0x0000000086a00000, 0x0000000086a00000, 0x0000000086b00000|  0%| F|  |TS  0|AC  0|TAMS 0x0000000086a00000, 0x0000000086a00000|
|  81|0x0000000086b00000, 0x0000000086b00000, 0x0000000086c00000|  0%| F|  |TS  0|AC  0|TAMS 0x0000000086b00000, 0x0000000086b00000|
|  82|0x0000000086c00000, 0x0000000086c00000, 0x0000000086d00000|  0%| F|  |TS  0|AC  0|TAMS 0x0000000086c00000, 0x0000000086c00000|
|  83|0x0000000086d00000, 0x0000000086d00000, 0x0000000086e00000|  0%| F|  |TS  0|AC  0|TAMS 0x0000000086d00000, 0x0000000086d00000|
|  84|0x0000000086e00000, 0x0000000086e00000, 0x0000000086f00000|  0%| F|  |TS  0|AC  0|TAMS 0x0000000086e00000, 0x0000000086e00000|
|  85|0x0000000086f00000, 0x0000000086f00000, 0x0000000087000000|  0%| F|  |TS  0|AC  0|TAMS 0x0000000086f00000, 0x0000000086f00000|
|  86|0x0000000087000000, 0x0000000087000000, 0x0000000087100000|  0%| F|  |TS  0|AC  0|TAMS 0x0000000087000000, 0x0000000087000000|
|  87|0x0000000087100000, 0x0000000087100000, 0x0000000087200000|  0%| F|  |TS  0|AC  0|TAMS 0x0000000087100000, 0x0000000087100000|
|  88|0x0000000087200000, 0x0000000087200000, 0x0000000087300000|  0%| F|  |TS  0|AC  0|TAMS 0x0000000087200000, 0x0000000087200000|
|  89|0x0000000087300000, 0x0000000087300000, 0x0000000087400000|  0%| F|  |TS  0|AC  0|TAMS 0x0000000087300000, 0x0000000087300000|
|  90|0x0000000087400000, 0x0000000087400000, 0x0000000087500000|  0%| F|  |TS  0|AC  0|TAMS 0x0000000087400000, 0x0000000087400000|
|  91|0x0000000087500000, 0x0000000087500000, 0x0000000087600000|  0%| F|  |TS  0|AC  0|TAMS 0x0000000087500000, 0x0000000087500000|
|  92|0x0000000087600000, 0x0000000087600000, 0x0000000087700000|  0%| F|  |TS  0|AC  0|TAMS 0x0000000087600000, 0x0000000087600000|
|  93|0x0000000087700000, 0x0000000087700000, 0x0000000087800000|  0%| F|  |TS  0|AC  0|TAMS 0x0000000087700000, 0x0000000087700000|
|  94|0x0000000087800000, 0x0000000087800000, 0x0000000087900000|  0%| F|  |TS  0|AC  0|TAMS 0x0000000087800000, 0x0000000087800000|
|  95|0x0000000087900000, 0x0000000087900000, 0x0000000087a00000|  0%| F|  |TS  0|AC  0|TAMS 0x0000000087900000, 0x0000000087900000|
|  96|0x0000000087a00000, 0x0000000087a00000, 0x0000000087b00000|  0%| F|  |TS  0|AC  0|TAMS 0x0000000087a00000, 0x0000000087a00000|
|  97|0x0000000087b00000, 0x0000000087b00000, 0x0000000087c00000|  0%| F|  |TS  0|AC  0|TAMS 0x0000000087b00000, 0x0000000087b00000|
|  98|0x0000000087c00000, 0x0000000087c00000, 0x0000000087d00000|  0%| F|  |TS  0|AC  0|TAMS 0x0000000087c00000, 0x0000000087c00000|
|  99|0x0000000087d00000, 0x0000000087d00000, 0x0000000087e00000|  0%| F|  |TS  0|AC  0|TAMS 0x0000000087d00000, 0x0000000087d00000|
| 100|0x0000000087e00000, 0x0000000087e00000, 0x0000000087f00000|  0%| F|  |TS  0|AC  0|TAMS 0x0000000087e00000, 0x0000000087e00000|
| 101|0x0000000087f00000, 0x0000000087f00000, 0x0000000088000000|  0%| F|  |TS  0|AC  0|TAMS 0x0000000087f00000, 0x0000000087f00000|
| 102|0x0000000088000000, 0x0000000088000000, 0x0000000088100000|  0%| F|  |TS  0|AC  0|TAMS 0x0000000088000000, 0x0000000088000000|
| 103|0x0000000088100000, 0x0000000088100000, 0x0000000088200000|  0%| F|  |TS  0|AC  0|TAMS 0x0000000088100000, 0x0000000088100000|
| 104|0x0000000088200000, 0x0000000088200000, 0x0000000088300000|  0%| F|  |TS  0|AC  0|TAMS 0x0000000088200000, 0x0000000088200000|
| 105|0x0000000088300000, 0x0000000088300000, 0x0000000088400000|  0%| F|  |TS  0|AC  0|TAMS 0x0000000088300000, 0x0000000088300000|
| 106|0x0000000088400000, 0x0000000088400000, 0x0000000088500000|  0%| F|  |TS  0|AC  0|TAMS 0x0000000088400000, 0x0000000088400000|
| 107|0x0000000088500000, 0x0000000088500000, 0x0000000088600000|  0%| F|  |TS  0|AC  0|TAMS 0x0000000088500000, 0x0000000088500000|
| 108|0x0000000088600000, 0x0000000088600000, 0x0000000088700000|  0%| F|  |TS  0|AC  0|TAMS 0x0000000088600000, 0x0000000088600000|
| 109|0x0000000088700000, 0x0000000088700000, 0x0000000088800000|  0%| F|  |TS  0|AC  0|TAMS 0x0000000088700000, 0x0000000088700000|
| 110|0x0000000088800000, 0x0000000088800000, 0x0000000088900000|  0%| F|  |TS  0|AC  0|TAMS 0x0000000088800000, 0x0000000088800000|
| 111|0x0000000088900000, 0x0000000088900000, 0x0000000088a00000|  0%| F|  |TS  0|AC  0|TAMS 0x0000000088900000, 0x0000000088900000|
| 112|0x0000000088a00000, 0x0000000088a00000, 0x0000000088b00000|  0%| F|  |TS  0|AC  0|TAMS 0x0000000088a00000, 0x0000000088a00000|
| 113|0x0000000088b00000, 0x0000000088b00000, 0x0000000088c00000|  0%| F|  |TS  0|AC  0|TAMS 0x0000000088b00000, 0x0000000088b00000|
| 114|0x0000000088c00000, 0x0000000088c00000, 0x0000000088d00000|  0%| F|  |TS  0|AC  0|TAMS 0x0000000088c00000, 0x0000000088c00000|
| 115|0x0000000088d00000, 0x0000000088d00000, 0x0000000088e00000|  0%| F|  |TS  0|AC  0|TAMS 0x0000000088d00000, 0x0000000088d00000|
| 116|0x0000000088e00000, 0x0000000088e00000, 0x0000000088f00000|  0%| F|  |TS  0|AC  0|TAMS 0x0000000088e00000, 0x0000000088e00000|
| 117|0x0000000088f00000, 0x0000000088f00000, 0x0000000089000000|  0%| F|  |TS  0|AC  0|TAMS 0x0000000088f00000, 0x0000000088f00000|
| 118|0x0000000089000000, 0x0000000089000000, 0x0000000089100000|  0%| F|  |TS  0|AC  0|TAMS 0x0000000089000000, 0x0000000089000000|
| 119|0x0000000089100000, 0x0000000089100000, 0x0000000089200000|  0%| F|  |TS  0|AC  0|TAMS 0x0000000089100000, 0x0000000089100000|
| 120|0x0000000089200000, 0x0000000089200000, 0x0000000089300000|  0%| F|  |TS  0|AC  0|TAMS 0x0000000089200000, 0x0000000089200000|
| 121|0x0000000089300000, 0x00000000893ff060, 0x0000000089400000| 99%| E|  |TS  0|AC  0|TAMS 0x0000000089300000, 0x0000000089300000|
| 122|0x0000000089400000, 0x0000000089500000, 0x0000000089500000|100%| E|CS|TS  0|AC  0|TAMS 0x0000000089400000, 0x0000000089400000|
| 123|0x0000000089500000, 0x0000000089600000, 0x0000000089600000|100%| E|CS|TS  0|AC  0|TAMS 0x0000000089500000, 0x0000000089500000|
| 124|0x0000000089600000, 0x0000000089700000, 0x0000000089700000|100%| E|CS|TS  0|AC  0|TAMS 0x0000000089600000, 0x0000000089600000|
| 125|0x0000000089700000, 0x0000000089800000, 0x0000000089800000|100%| E|CS|TS  0|AC  0|TAMS 0x0000000089700000, 0x0000000089700000|
| 126|0x0000000089800000, 0x0000000089900000, 0x0000000089900000|100%| E|CS|TS  0|AC  0|TAMS 0x0000000089800000, 0x0000000089800000|
| 127|0x0000000089900000, 0x0000000089a00000, 0x0000000089a00000|100%| E|CS|TS  0|AC  0|TAMS 0x0000000089900000, 0x0000000089900000|

Card table byte_map: [0x000000e9603d0000,0x000000e9607d0000] byte_map_base: 0x000000e95ffc3000

Marking Bits (Prev, Next): (CMBitMap*) 0x000000e964b53c70, (CMBitMap*) 0x000000e964b53ca8
 Prev Bits: [0x000000e960bd0000, 0x000000e962b68000)
 Next Bits: [0x000000e962b70000, 0x000000e964b08000)

Polling page: 0x000000e942c70000

CodeHeap 'non-profiled nmethods': size=120000Kb used=127Kb max_used=127Kb free=119873Kb
 bounds [0x000000e956b30000, 0x000000e956da0000, 0x000000e95e060000]
CodeHeap 'profiled nmethods': size=120000Kb used=654Kb max_used=654Kb free=119345Kb
 bounds [0x000000e94f600000, 0x000000e94f870000, 0x000000e956b30000]
CodeHeap 'non-nmethods': size=5760Kb used=1197Kb max_used=1209Kb free=4562Kb
 bounds [0x000000e94f060000, 0x000000e94f2d0000, 0x000000e94f600000]
 total_blobs=887 nmethods=457 adapters=255
 compilation: enabled

Compilation events (10 events):
Event: 0.362 Thread 0x000000e96819f800  449  s    3       java.io.BufferedOutputStream::write (67 bytes)
Event: 0.362 Thread 0x000000e96819f800 nmethod 449 0x000000e94f6a1c10 code [0x000000e94f6a1e20, 0x000000e94f6a2680]
Event: 0.362 Thread 0x000000e96819f800  450       3       java.io.FileOutputStream::write (20 bytes)
Event: 0.362 Thread 0x000000e96819f800 nmethod 450 0x000000e94f6a2890 code [0x000000e94f6a2a60, 0x000000e94f6a2cb0]
Event: 0.362 Thread 0x000000e96819f800  451       3       java.io.PrintStream::print (9 bytes)
Event: 0.362 Thread 0x000000e96819f800 nmethod 451 0x000000e94f6a2e10 code [0x000000e94f6a2fe0, 0x000000e94f6a32b0]
Event: 0.362 Thread 0x000000e96819f800  452       3       java.util.regex.CharPredicates$$Lambda$16/1076496284::is (5 bytes)
Event: 0.363 Thread 0x000000e96819f800 nmethod 452 0x000000e94f6a3410 code [0x000000e94f6a35e0, 0x000000e94f6a38f8]
Event: 2.095 Thread 0x000000e96818c000  457       4       java.util.regex.Matcher::reset (128 bytes)
Event: 2.100 Thread 0x000000e96818c000 nmethod 457 0x000000e956b4f590 code [0x000000e956b4f740, 0x000000e956b4fa18]

GC Heap History (0 events):
No events

Deoptimization events (2 events):
Event: 0.144 Thread 0x000000e942d4f800 Uncommon trap: reason=range_check action=reinterpret pc=0x000000e956b34590 method=java.lang.StringLatin1.indexOf([BII)I @ 13 c2
Event: 0.229 Thread 0x000000e942d4f800 Uncommon trap: reason=unstable_if action=reinterpret pc=0x000000e956b331fc method=java.lang.String.charAt(I)C @ 4 c2

Classes redefined (2 events):
Event: 37.924 Thread 0x000000e968126000 redefined class name=lt.liudas_stonys.laivu_musis.App, count=1
Event: 64.962 Thread 0x000000e968126000 redefined class name=lt.liudas_stonys.laivu_musis.App, count=2

Internal exceptions (3 events):
Event: 0.291 Thread 0x000000e942d4f800 Exception <a 'java/lang/NoSuchMethodError'{0x0000000089447708}: java.lang.Object.lambda$negate$3(I)Z> (0x0000000089447708) thrown at [t:/workspace/hotspot/src/share/vm/interpreter/linkResolver.cpp, line 731]
Event: 0.292 Thread 0x000000e942d4f800 Exception <a 'java/lang/NoSuchMethodError'{0x000000008944ab60}: java.lang.Object.lambda$and$0(Ljava/util/regex/Pattern$CharPredicate;I)Z> (0x000000008944ab60) thrown at [t:/workspace/hotspot/src/share/vm/interpreter/linkResolver.cpp, line 731]
Event: 0.337 Thread 0x000000e942d4f800 Exception <a 'java/lang/NoSuchMethodError'{0x00000000893afa50}: java.lang.Object.lambda$union$2(Ljava/util/regex/Pattern$CharPredicate;I)Z> (0x00000000893afa50) thrown at [t:/workspace/hotspot/src/share/vm/interpreter/linkResolver.cpp, line 731]

Events (10 events):
Event: 64.962 Executing VM operation: RedefineClasses done
Event: 64.963 Executing VM operation: GetFrameCount
Event: 64.963 Executing VM operation: GetFrameCount done
Event: 64.963 Executing VM operation: GetFrameCount
Event: 64.963 Executing VM operation: GetFrameCount done
Event: 64.963 Executing VM operation: GetFrameLocation
Event: 64.963 Executing VM operation: GetFrameLocation done
Event: 65.055 Executing VM operation: ChangeBreakpoints
Event: 65.055 Executing VM operation: ChangeBreakpoints done
Event: 65.085 Executing VM operation: GetOrSetLocal


Dynamic libraries:
0x00007ff784630000 - 0x00007ff78466e000 	C:\Java\jdk-9.0.4\bin\java.exe
0x00007ffec60d0000 - 0x00007ffec627d000 	C:\WINDOWS\SYSTEM32\ntdll.dll
0x00007ffec5b20000 - 0x00007ffec5c5e000 	C:\WINDOWS\system32\KERNEL32.DLL
0x00007ffec3640000 - 0x00007ffec3755000 	C:\WINDOWS\system32\KERNELBASE.dll
0x00007ffec5ea0000 - 0x00007ffec5f4a000 	C:\WINDOWS\system32\ADVAPI32.dll
0x00007ffec5f50000 - 0x00007ffec60c7000 	C:\WINDOWS\system32\USER32.dll
0x00007ffec12d0000 - 0x00007ffec154b000 	C:\WINDOWS\WinSxS\amd64_microsoft.windows.common-controls_6595b64144ccf1df_6.0.9600.18006_none_623f33d3ecbe86e8\COMCTL32.dll
0x00007ffec31b0000 - 0x00007ffec31ba000 	C:\WINDOWS\SYSTEM32\VERSION.dll
0x00007ffec5660000 - 0x00007ffec570a000 	C:\WINDOWS\system32\msvcrt.dll
0x00007ffec5540000 - 0x00007ffec5599000 	C:\WINDOWS\SYSTEM32\sechost.dll
0x00007ffec5400000 - 0x00007ffec5540000 	C:\WINDOWS\system32\RPCRT4.dll
0x00007ffec5c60000 - 0x00007ffec5dab000 	C:\WINDOWS\system32\GDI32.dll
0x00007ffec35b0000 - 0x00007ffec35de000 	C:\WINDOWS\system32\SspiCli.dll
0x00007ffec4f10000 - 0x00007ffec4f46000 	C:\WINDOWS\system32\IMM32.DLL
0x00007ffec59c0000 - 0x00007ffec5b11000 	C:\WINDOWS\system32\MSCTF.dll
0x00007ffec31c0000 - 0x00007ffec31f0000 	C:\WINDOWS\system32\nvinitx.dll
0x000000006bdf0000 - 0x000000006bdf6000 	C:\Program Files\NVIDIA Corporation\CoProcManager\_etoured.dll
0x00007ffec11e0000 - 0x00007ffec1218000 	C:\Program Files\NVIDIA Corporation\CoProcManager\nvd3d9wrapx.dll
0x00007ffec51c0000 - 0x00007ffec539a000 	C:\WINDOWS\system32\SETUPAPI.dll
0x00007ffec32d0000 - 0x00007ffec331f000 	C:\WINDOWS\system32\CFGMGR32.dll
0x00007ffec11b0000 - 0x00007ffec11d4000 	C:\Program Files\NVIDIA Corporation\CoProcManager\nvdxgiwrapx.dll
0x00007ffeac800000 - 0x00007ffeac8ef000 	C:\Java\jdk-9.0.4\bin\msvcr120.dll
0x00007ffeac3d0000 - 0x00007ffeac476000 	C:\Java\jdk-9.0.4\bin\msvcp120.dll
0x0000000069300000 - 0x0000000069d25000 	C:\Java\jdk-9.0.4\bin\server\jvm.dll
0x00007ffebf870000 - 0x00007ffebf879000 	C:\WINDOWS\SYSTEM32\WSOCK32.dll
0x00007ffebe160000 - 0x00007ffebe182000 	C:\WINDOWS\SYSTEM32\WINMM.dll
0x00007ffec5e90000 - 0x00007ffec5e97000 	C:\WINDOWS\system32\PSAPI.DLL
0x00007ffec3760000 - 0x00007ffec37ba000 	C:\WINDOWS\system32\WS2_32.dll
0x00007ffebe130000 - 0x00007ffebe15a000 	C:\WINDOWS\SYSTEM32\WINMMBASE.dll
0x00007ffec5e80000 - 0x00007ffec5e89000 	C:\WINDOWS\system32\NSI.dll
0x00007ffec1fe0000 - 0x00007ffec2008000 	C:\WINDOWS\SYSTEM32\DEVOBJ.dll
0x00007ffebf8c0000 - 0x00007ffebf8cf000 	C:\Java\jdk-9.0.4\bin\verify.dll
0x00007ffeb5190000 - 0x00007ffeb51b7000 	C:\Java\jdk-9.0.4\bin\java.dll
0x00007ffeadae0000 - 0x00007ffeadb16000 	C:\Java\jdk-9.0.4\bin\jdwp.dll
0x00007ffeae970000 - 0x00007ffeae99a000 	C:\Java\jdk-9.0.4\bin\instrument.dll
0x00007ffeaf0f0000 - 0x00007ffeaf106000 	C:\Java\jdk-9.0.4\bin\zip.dll
0x00007ffebba00000 - 0x00007ffebba0a000 	C:\Java\jdk-9.0.4\bin\jimage.dll
0x00007ffec37c0000 - 0x00007ffec4cec000 	C:\WINDOWS\system32\SHELL32.dll
0x00007ffec5780000 - 0x00007ffec5992000 	C:\WINDOWS\SYSTEM32\combase.dll
0x00007ffec4d00000 - 0x00007ffec4d54000 	C:\WINDOWS\system32\SHLWAPI.dll
0x00007ffec1750000 - 0x00007ffec1802000 	C:\WINDOWS\SYSTEM32\SHCORE.dll
0x00007ffec3200000 - 0x00007ffec3215000 	C:\WINDOWS\SYSTEM32\profapi.dll
0x00007ffeae720000 - 0x00007ffeae73a000 	C:\Java\jdk-9.0.4\bin\net.dll
0x00007ffeb95f0000 - 0x00007ffeb96b7000 	C:\WINDOWS\SYSTEM32\WINHTTP.dll
0x00007ffec2ac0000 - 0x00007ffec2b19000 	C:\WINDOWS\system32\mswsock.dll
0x00007ffeae700000 - 0x00007ffeae711000 	C:\Java\jdk-9.0.4\bin\nio.dll
0x00007ffeb9af0000 - 0x00007ffeb9afa000 	C:\Java\jdk-9.0.4\bin\dt_socket.dll
0x00007ffeac8f0000 - 0x00007ffeaca79000 	C:\WINDOWS\SYSTEM32\dbghelp.dll

VM Arguments:
jvm_args: -agentlib:jdwp=transport=dt_socket,address=127.0.0.1:60473,suspend=y,server=n -javaagent:C:\Users\Liudas\.IdeaIC2017.3\system\captureAgent\debugger-agent.jar=C:\Users\Liudas\AppData\Local\Temp\capture1734.props -Dfile.encoding=UTF-8 
java_command: lt.liudas_stonys.laivu_musis.App
java_class_path (initial): C:\Users\Liudas\IdeaProjects\laivu_musis\laivu_musis\target\classes;C:\Users\Liudas\.m2\repository\org\apache\httpcomponents\httpclient\4.5.4\httpclient-4.5.4.jar;C:\Users\Liudas\.m2\repository\org\apache\httpcomponents\httpcore\4.4.7\httpcore-4.4.7.jar;C:\Users\Liudas\.m2\repository\commons-logging\commons-logging\1.2\commons-logging-1.2.jar;C:\Users\Liudas\.m2\repository\commons-codec\commons-codec\1.10\commons-codec-1.10.jar;C:\Users\Liudas\.m2\repository\commons-io\commons-io\1.3.2\commons-io-1.3.2.jar;C:\Users\Liudas\.m2\repository\com\googlecode\json-simple\json-simple\1.1.1\json-simple-1.1.1.jar;C:\Users\Liudas\.m2\repository\junit\junit\4.10\junit-4.10.jar;C:\Users\Liudas\.m2\repository\org\hamcrest\hamcrest-core\1.1\hamcrest-core-1.1.jar;C:\Program Files\JetBrains\IntelliJ IDEA Community Edition 2017.3.4\lib\idea_rt.jar
Launcher Type: SUN_STANDARD

Logging:
Log output configuration:
#0: stdout all=warning uptime,level,tags
#1: stderr all=off uptime,level,tags

Environment Variables:
JAVA_HOME=C:\Java\jdk-9.0.4
PATH=C:\ProgramData\Oracle\Java\javapath;C:\Program Files (x86)\Intel\iCLS Client\;C:\Program Files\Intel\iCLS Client\;C:\WINDOWS\system32;C:\WINDOWS;C:\WINDOWS\System32\Wbem;C:\WINDOWS\System32\WindowsPowerShell\v1.0\;C:\Program Files\Intel\Intel(R) Management Engine Components\DAL;C:\Program Files\Intel\Intel(R) Management Engine Components\IPT;C:\Program Files (x86)\Intel\Intel(R) Management Engine Components\DAL;C:\Program Files (x86)\Intel\Intel(R) Management Engine Components\IPT;C:\Program Files\Java\jdk-9.0.4\bin;C:\Program Files\Calibre2;C:\Java\apache-maven-3.5.3\bin
USERNAME=Liudas
OS=Windows_NT
PROCESSOR_IDENTIFIER=Intel64 Family 6 Model 58 Stepping 9, GenuineIntel



---------------  S Y S T E M  ---------------

OS: Windows 8.1 , 64 bit Build 9600 (6.3.9600.17415)

CPU:total 8 (initial active 8) (4 cores per cpu, 2 threads per core) family 6 model 58 stepping 9, cmov, cx8, fxsr, mmx, sse, sse2, sse3, ssse3, sse4.1, sse4.2, popcnt, avx, aes, clmul, erms, ht, tsc, tscinvbit, tscinv

Memory: 4k page, physical 8281400k(2946184k free), swap 14423380k(6933972k free)

vm_info: Java HotSpot(TM) 64-Bit Server VM (9.0.4+11) for windows-amd64 JRE (9.0.4+11), built on Dec 20 2017 02:18:54 by "mach5one" with MS VC++ 12.0 (VS2013)

END.
